<?xml version="1.0" encoding="UTF-8"?>
<!-- Generated by org.testng.reporters.JUnitReportReporter -->
<testsuite hostname="Ashok-PC" name="Test.MyTestDemo" tests="1" failures="0" timestamp="16 Dec 2019 12:34:44 GMT" time="120.638" errors="0">
  <testcase name="f" time="120.638" classname="Test.MyTestDemo"/>
</testsuite> <!-- Test.MyTestDemo -->
